Determining if the pthread_create exist failed with the following output:
Change Dir: /home/sebastian/CLionProjects/RayTraceCore_V2/cmake-build-debug/CMakeFiles/CMakeTmp

Run Build Command(s):/usr/bin/make cmTC_5428c/fast 
/usr/bin/make -f CMakeFiles/cmTC_5428c.dir/build.make CMakeFiles/cmTC_5428c.dir/build
make[1]: Entering directory '/home/sebastian/CLionProjects/RayTraceCore_V2/cmake-build-debug/CMakeFiles/CMakeTmp'
Building C object CMakeFiles/cmTC_5428c.dir/CheckSymbolExists.c.o
/usr/bin/cc    -o CMakeFiles/cmTC_5428c.dir/CheckSymbolExists.c.o   -c /home/sebastian/CLionProjects/RayTraceCore_V2/cmake-build-debug/CMakeFiles/CMakeTmp/CheckSymbolExists.c
Linking C executable cmTC_5428c
/snap/clion/73/bin/cmake/linux/bin/cmake -E cmake_link_script CMakeFiles/cmTC_5428c.dir/link.txt --verbose=1
/usr/bin/cc      CMakeFiles/cmTC_5428c.dir/CheckSymbolExists.c.o  -o cmTC_5428c 
CMakeFiles/cmTC_5428c.dir/CheckSymbolExists.c.o: In function `main':
CheckSymbolExists.c:(.text+0x1b): undefined reference to `pthread_create'
collect2: error: ld returned 1 exit status
CMakeFiles/cmTC_5428c.dir/build.make:86: recipe for target 'cmTC_5428c' failed
make[1]: *** [cmTC_5428c] Error 1
make[1]: Leaving directory '/home/sebastian/CLionProjects/RayTraceCore_V2/cmake-build-debug/CMakeFiles/CMakeTmp'
Makefile:121: recipe for target 'cmTC_5428c/fast' failed
make: *** [cmTC_5428c/fast] Error 2

File /home/sebastian/CLionProjects/RayTraceCore_V2/cmake-build-debug/CMakeFiles/CMakeTmp/CheckSymbolExists.c:
/* */
#include <pthread.h>

int main(int argc, char** argv)
{
  (void)argv;
#ifndef pthread_create
  return ((int*)(&pthread_create))[argc];
#else
  (void)argc;
  return 0;
#endif
}

Determining if the function pthread_create exists in the pthreads failed with the following output:
Change Dir: /home/sebastian/CLionProjects/RayTraceCore_V2/cmake-build-debug/CMakeFiles/CMakeTmp

Run Build Command(s):/usr/bin/make cmTC_90926/fast 
/usr/bin/make -f CMakeFiles/cmTC_90926.dir/build.make CMakeFiles/cmTC_90926.dir/build
make[1]: Entering directory '/home/sebastian/CLionProjects/RayTraceCore_V2/cmake-build-debug/CMakeFiles/CMakeTmp'
Building C object CMakeFiles/cmTC_90926.dir/CheckFunctionExists.c.o
/usr/bin/cc   -DCHECK_FUNCTION_EXISTS=pthread_create   -o CMakeFiles/cmTC_90926.dir/CheckFunctionExists.c.o   -c /snap/clion/73/bin/cmake/linux/share/cmake-3.14/Modules/CheckFunctionExists.c
Linking C executable cmTC_90926
/snap/clion/73/bin/cmake/linux/bin/cmake -E cmake_link_script CMakeFiles/cmTC_90926.dir/link.txt --verbose=1
/usr/bin/cc  -DCHECK_FUNCTION_EXISTS=pthread_create    CMakeFiles/cmTC_90926.dir/CheckFunctionExists.c.o  -o cmTC_90926 -lpthreads 
/usr/bin/ld: cannot find -lpthreads
collect2: error: ld returned 1 exit status
CMakeFiles/cmTC_90926.dir/build.make:86: recipe for target 'cmTC_90926' failed
make[1]: *** [cmTC_90926] Error 1
make[1]: Leaving directory '/home/sebastian/CLionProjects/RayTraceCore_V2/cmake-build-debug/CMakeFiles/CMakeTmp'
Makefile:121: recipe for target 'cmTC_90926/fast' failed
make: *** [cmTC_90926/fast] Error 2


