Determining if the pthread_create exist failed with the following output:
Change Dir: /home/sebastian/CLionProjects/RayTraceCore_V2/CMakeFiles/CMakeTmp

Run Build Command:"/usr/bin/make" "cmTC_aa23d/fast"
/usr/bin/make -f CMakeFiles/cmTC_aa23d.dir/build.make CMakeFiles/cmTC_aa23d.dir/build
make[1]: Entering directory '/home/sebastian/CLionProjects/RayTraceCore_V2/CMakeFiles/CMakeTmp'
Building C object CMakeFiles/cmTC_aa23d.dir/CheckSymbolExists.c.o
/usr/bin/cc    -o CMakeFiles/cmTC_aa23d.dir/CheckSymbolExists.c.o   -c /home/sebastian/CLionProjects/RayTraceCore_V2/CMakeFiles/CMakeTmp/CheckSymbolExists.c
Linking C executable cmTC_aa23d
/usr/bin/cmake -E cmake_link_script CMakeFiles/cmTC_aa23d.dir/link.txt --verbose=1
/usr/bin/cc      CMakeFiles/cmTC_aa23d.dir/CheckSymbolExists.c.o  -o cmTC_aa23d 
CMakeFiles/cmTC_aa23d.dir/CheckSymbolExists.c.o: In function `main':
CheckSymbolExists.c:(.text+0x1b): undefined reference to `pthread_create'
collect2: error: ld returned 1 exit status
CMakeFiles/cmTC_aa23d.dir/build.make:97: recipe for target 'cmTC_aa23d' failed
make[1]: *** [cmTC_aa23d] Error 1
make[1]: Leaving directory '/home/sebastian/CLionProjects/RayTraceCore_V2/CMakeFiles/CMakeTmp'
Makefile:126: recipe for target 'cmTC_aa23d/fast' failed
make: *** [cmTC_aa23d/fast] Error 2

File /home/sebastian/CLionProjects/RayTraceCore_V2/CMakeFiles/CMakeTmp/CheckSymbolExists.c:
/* */
#include <pthread.h>

int main(int argc, char** argv)
{
  (void)argv;
#ifndef pthread_create
  return ((int*)(&pthread_create))[argc];
#else
  (void)argc;
  return 0;
#endif
}

Determining if the function pthread_create exists in the pthreads failed with the following output:
Change Dir: /home/sebastian/CLionProjects/RayTraceCore_V2/CMakeFiles/CMakeTmp

Run Build Command:"/usr/bin/make" "cmTC_9e885/fast"
/usr/bin/make -f CMakeFiles/cmTC_9e885.dir/build.make CMakeFiles/cmTC_9e885.dir/build
make[1]: Entering directory '/home/sebastian/CLionProjects/RayTraceCore_V2/CMakeFiles/CMakeTmp'
Building C object CMakeFiles/cmTC_9e885.dir/CheckFunctionExists.c.o
/usr/bin/cc   -DCHECK_FUNCTION_EXISTS=pthread_create   -o CMakeFiles/cmTC_9e885.dir/CheckFunctionExists.c.o   -c /usr/share/cmake-3.10/Modules/CheckFunctionExists.c
Linking C executable cmTC_9e885
/usr/bin/cmake -E cmake_link_script CMakeFiles/cmTC_9e885.dir/link.txt --verbose=1
/usr/bin/cc  -DCHECK_FUNCTION_EXISTS=pthread_create    CMakeFiles/cmTC_9e885.dir/CheckFunctionExists.c.o  -o cmTC_9e885 -lpthreads 
/usr/bin/ld: cannot find -lpthreads
collect2: error: ld returned 1 exit status
CMakeFiles/cmTC_9e885.dir/build.make:97: recipe for target 'cmTC_9e885' failed
make[1]: *** [cmTC_9e885] Error 1
make[1]: Leaving directory '/home/sebastian/CLionProjects/RayTraceCore_V2/CMakeFiles/CMakeTmp'
Makefile:126: recipe for target 'cmTC_9e885/fast' failed
make: *** [cmTC_9e885/fast] Error 2


